<?xml version="1.0" encoding="UTF-8" ?>
<testsuites>
  <testsuite errors="0" failures="1" hostname="Matias-Carrizo-MacBook-Pro.local" id="0" name="TodoControllerTests" package="collab.todo" tests="1" time="1.797" timestamp="2013-07-04T15:40:10">
      <properties />

      <testcase classname="collab.todo.TodoControllerTests" name="testSomething" time="1.764">
          <failure message="Assertion failed: &#xa;&#xa;assert &quot;create new tasks&quot; == response.text&#xa;                          |  |        |&#xa;                          |  |        create new task&#xa;                          |  org.codehaus.groovy.grails.plugins.testing.GrailsMockHttpServletResponse@80fd41d&#xa;                          false&#xa;" type="junit.framework.AssertionFailedError">junit.framework.AssertionFailedError: Assertion failed: 

assert &quot;create new tasks&quot; == response.text
                          |  |        |
                          |  |        create new task
                          |  org.codehaus.groovy.grails.plugins.testing.GrailsMockHttpServletResponse@80fd41d
                          false

	at collab.todo.TodoControllerTests.testSomething(TodoControllerTests.groovy:16)
</failure>

      </testcase>

      <system-out><![CDATA[--Output from testSomething--
]]></system-out>

      <system-err><![CDATA[--Output from testSomething--
]]></system-err>

  </testsuite>
</testsuites>
