<?xml version="1.0" encoding="UTF-8" ?>
<testsuites>
  <testsuite errors="0" failures="0" hostname="Matias-Carrizo-MacBook-Pro.local" id="0" name="TodoControllerTests" package="collab.todo" tests="1" time="0.975" timestamp="2013-07-05T18:24:45">
      <properties />

      <testcase classname="collab.todo.TodoControllerTests" name="testSomething" time="0.955" />

      <system-out><![CDATA[--Output from testSomething--
]]></system-out>

      <system-err><![CDATA[--Output from testSomething--
]]></system-err>

  </testsuite>
</testsuites>
